<?xml version="1.0" encoding="UTF-8"?>
<robot generator="Robot 4.1 (Python 3.9.5 on linux)" generated="20210908 09:27:57.409" rpa="false" schemaversion="2">
<suite id="s1" name="Dummy" source="/home/vivian/docker/home/ros/cm-robotics/serena/src/example-robot-framework-ros2/tests/dummy.robot">
<test id="s1-t1" name="Check the product of two numbers">
<kw name="Given confirm the product of">
<arg>${num_a}</arg>
<arg>${num_b}</arg>
<arg>${product_ab}</arg>
<msg timestamp="20210908 09:27:57.427" level="FAIL">No keyword with name 'Given confirm the product of' found.</msg>
<status status="FAIL" starttime="20210908 09:27:57.427" endtime="20210908 09:27:57.427"/>
</kw>
<kw name="When confirm the product of">
<arg>1</arg>
<arg>2</arg>
<arg>2</arg>
<status status="NOT RUN" starttime="20210908 09:27:57.428" endtime="20210908 09:27:57.428"/>
</kw>
<kw name="Then confirm the product of is not">
<arg>2</arg>
<arg>3</arg>
<arg>90</arg>
<status status="NOT RUN" starttime="20210908 09:27:57.429" endtime="20210908 09:27:57.429"/>
</kw>
<doc>This dummy test case confirms that the product of two numbers
yields the expected result. Besides, it also shows you that
documentation supports HTML formatting such as *bold text* and
[https://www.youtube.com/watch?v=lXMskKTw3Bc|link with custom text]</doc>
<tag>critical</tag>
<status status="FAIL" starttime="20210908 09:27:57.425" endtime="20210908 09:27:57.430">No keyword with name 'Given confirm the product of' found.</status>
</test>
<status status="FAIL" starttime="20210908 09:27:57.410" endtime="20210908 09:27:57.430"/>
</suite>
<statistics>
<total>
<stat pass="0" fail="1" skip="0">All Tests</stat>
</total>
<tag>
<stat pass="0" fail="1" skip="0">critical</stat>
</tag>
<suite>
<stat pass="0" fail="1" skip="0" id="s1" name="Dummy">Dummy</stat>
</suite>
</statistics>
<errors>
<msg timestamp="20210908 09:27:57.425" level="ERROR">Error in file '/home/vivian/docker/home/ros/cm-robotics/serena/src/example-robot-framework-ros2/tests/dummy.robot' on line 2: Importing library '/home/vivian/docker/home/ros/cm-robotics/serena/src/example-robot-framework-ros2/translations/DummyTranslation.py' failed: ModuleNotFoundError: No module named 'example_robot_framework'
Traceback (most recent call last):
  File "/home/vivian/docker/home/ros/cm-robotics/serena/src/example-robot-framework-ros2/translations/DummyTranslation.py", line 1, in &lt;module&gt;
    from example_robot_framework import dummy
PYTHONPATH:
  /home/vivian/.local/bin
  /usr/lib/python39.zip
  /usr/lib/python3.9
  /usr/lib/python3.9/lib-dynload
  /home/vivian/.local/lib/python3.9/site-packages
  /usr/local/lib/python3.9/dist-packages
  /usr/lib/python3/dist-packages
  /usr/lib/python3.9/dist-packages</msg>
</errors>
</robot>
